
         ==============================
         S N O P T  7.7.7    (Feb 2021)
         ==============================
1

 SNMEMB EXIT 100 -- finished successfully
 SNMEMB INFO 104 -- memory requirements estimated

 Trial version of SNOPT -- for evaluation or academic purposes only
1

 Parameters
 ==========

 Files
 -----
 Solution file..........         0       Old basis file ........         0       Standard input.........         5
 Insert file............         0       New basis file ........         0       (Printer)..............        10
 Punch file.............         0       Backup basis file......         0       (Specs file)...........         0
 Load file..............         0       Dump file..............         0       Standard output........         6

 Frequencies
 -----------
 Print frequency........       100       Check frequency........        60       Save new basis map.....       100
 Summary frequency......       100       Factorization frequency        50       Expand frequency.......     10000

 QP subproblems
 --------------
 QPsolver Cholesky......
 Scale tolerance........     0.900       Minor feasibility tol..  1.00E-06       Iteration limit........     10000
 Scale option...........         0       Minor optimality  tol..  1.00E-06       Minor print level......         1
 Crash tolerance........     0.100       Pivot tolerance........  3.25E-11       New superbasics........        99
 Crash option...........         3       Elastic weight.........  1.00E+05

 Partial pricing
 ---------------
 LP Partial price.......         1       Prtl price section ( A)        11       Prtl price section (-I)         8
 QP Partial price.......         1       Prtl price section ( A)        11       Prtl price section (-I)         8

 The SQP Method
 --------------
 Minimize...............                 Cold start.............                 Proximal Point method..         1
 Nonlinear objectiv vars        11       Major optimality tol...  2.00E-06       Function precision.....  3.00E-13
 Unbounded step size....  1.00E+20       Superbasics limit......        11       Difference interval....  5.48E-07
 Unbounded objective....  1.00E+10       Reduced Hessian dim....        11       Central difference int.  6.70E-05
 Major step limit.......  2.00E+00       Derivative linesearch..                 Derivative level.......         3
 Major iterations limit.      1000       Linesearch tolerance...   0.90000       Verify level...........         0
 Minor iterations limit.       500       Penalty parameter......  0.00E+00       Major Print Level......         1
 Time limit (secs)...... 9999999.0

 Hessian Approximation
 ---------------------
 Hessian full-memory....                 Hessian updates........  99999999       Hessian frequency......  99999999
                                                                                 Hessian flush..........  99999999

 Nonlinear constraints
 ---------------------
 Nonlinear constraints..         8       Major feasibility tol..  1.00E-06       Violation limit........  1.00E+06
 Nonlinear Jacobian vars        11

 Miscellaneous
 -------------
 LU factor tolerance....      3.99       LU singularity tol.....  3.25E-11       Timing level...........         3
 LU update tolerance....      3.99       LU swap tolerance......  1.22E-04       Debug level............         0
 LU partial  pivoting...                 eps (machine precision)  2.22E-16       System information.....        No
                                                                                 Sticky parameters......        No
1




 Matrix statistics
 -----------------
               Total      Normal        Free       Fixed     Bounded
 Rows              8           0           0           8           0
 Columns          11           0           4           2           5

 No. of matrix elements                   43     Density      48.864
 Biggest  constant element        0.0000E+00  (excluding fixed columns,
 Smallest constant element        0.0000E+00   free rows, and RHS)

 No. of objective coefficients             0

 Nonlinear constraints       8     Linear constraints       0
 Nonlinear variables        11     Linear variables         0
 Jacobian  variables        11     Objective variables     11
 Total constraints           8     Total variables         11
1



 The user has defined      43   out of      43   constraint gradients.
 The user has defined      11   out of      11   objective  gradients.

 Cheap test of user-supplied problem derivatives...

 The constraint gradients seem to be OK.

 -->  The largest discrepancy was    5.01E-10  in constraint    13


 The objective  gradients seem to be OK.

 Gradient projected in one direction   0.00000000000E+00
 Difference approximation              2.71584094487E-07
1



   Itns Major Minors    Step   nCon Feasible  Optimal  MeritFunction     L+U BSwap     nS condZHZ Penalty
      4     0      4              1  6.0E+00  9.5E-01  0.0000000E+00      42                              _  r
      4     1      0 6.8E-02      3  5.6E+00  3.9E-01  3.3952908E+00      42                      1.3E-01 _  r
      4     2      0 2.8E-02      5  5.4E+00  1.7E+00  3.6622403E+00      42                      1.5E-01 _s
      4     3      0 1.0E+00      6  4.9E-01  8.2E-01  1.3633503E+01      42                      1.2E+00 _
      4     4      0 1.0E+00      7  1.1E-01  1.2E-02  1.2885224E+01      42                      2.6E+00 _
      4     5      0 1.0E+00      8  1.2E-03  9.9E-05  1.2921289E+01      42                      7.2E+00 _
      4     6      0 1.0E+00      9 (4.2E-08)(4.8E-09) 1.2921299E+01      42                      2.0E+01 _
1

 SNOPTC EXIT   0 -- finished successfully
 SNOPTC INFO   1 -- optimality conditions satisfied

 Problem name                 solver
 No. of iterations                   4   Objective            1.2921299016E+01
 No. of major iterations             6   Linear    obj. term  0.0000000000E+00
 Penalty parameter           2.038E+01   Nonlinear obj. term  1.2921299016E+01
 User function calls (total)        10
 No. of degenerate steps             0   Percentage                       0.00
 Max x                       2 1.0E+00   Max pi                      7 1.4E+01
 Max Primal infeas          16 4.2E-08   Max Dual infeas             6 6.8E-08
 Nonlinear constraint violn    4.2E-08
1

 Name           solver                   Objective Value      1.2921299016E+01

 Status         Optimal Soln             Iteration      4    Superbasics     0

 Objective               (Min)
 RHS
 Ranges
 Bounds

 Section 1 - Constraints

  Number  ...Row.. State  ...Value......  Slack Value...  ..Lower Limit.  ..Upper Limit.  .Dual Variable    ..i

      12  r      1    EQ         0.00000         0.00000          .               .              4.36279      1
      13  r      2    EQ         0.00000         0.00000          .               .              0.51039      2
      14  r      3    EQ        -0.00000        -0.00000          .               .             -3.24612      3
      15  r      4    EQ         0.00000         0.00000          .               .              2.90484      4
      16  r      5    EQ        -0.00000        -0.00000          .               .              0.45614      5
      17  r      6    EQ         0.00000         0.00000          .               .             -2.43637      6
      18  r      7    EQ        -0.00000        -0.00000          .               .             14.02881      7
      19  r      8 A  EQ          .               .               .               .              0.00000      8
1

 Section 2 - Variables

  Number  .Column. State  ...Value......  .Obj Gradient.  ..Lower Limit.  ..Upper Limit.  .Dual Variable    m+j

       1  x      1    EQ          .               .               .               .            -24.62312      9
       2  x      2    EQ         1.0              .              1.0             1.0            20.27043     10
       3  x      3    BS         0.78641        15.72815        -1.0             1.0            -0.00000     11
       4  x      4    BS        -0.13228        -0.73488        -0.25000           None         -0.00000     12
       5  x      5    BS         0.79834         4.43520           None            None         -0.00000     13
       6  x      6    BS         0.05760         0.51196        -0.25000           None         -0.00000     14
       7  x      7    BS         0.72443         6.43940           None            None         -0.00000     15
       8  x      8    BS         0.02835         0.15753        -0.25000           None          0.00000     16
       9  x      9    BS         0.96159         5.34219           None            None          0.00000     17
      10  x     10    LL        -0.25000          .             -0.25000           None         14.02881     18
      11  x     11    BS         0.96730          .                None            None          0.00000     19

 Time for MPS input                             0.00 seconds
 Time for solving problem                       0.00 seconds
 Time for solution output                       0.00 seconds
 Time for constraint functions                  0.00 seconds
 Time for objective function                    0.00 seconds
